<?xml version="1.0" encoding="UTF-8"?>
<!-- Generated by org.testng.reporters.JUnitReportReporter -->
<testsuite skipped="0" hostname="DELL-AKSHAYPC" name="com.Shub.LoginTest" tests="3" failures="0" timestamp="2022-04-08T10:32:42 IST" time="0.025" errors="0">
  <testcase name="openURL" time="0.017" classname="com.Shub.LoginTest"/>
  <testcase name="login" time="0.003" classname="com.Shub.LoginTest"/>
  <testcase name="logout" time="0.005" classname="com.Shub.LoginTest"/>
</testsuite> <!-- com.Shub.LoginTest -->
