<?xml version="1.0" encoding="UTF-8"?>
<!-- Generated by org.testng.reporters.JUnitReportReporter -->
<testsuite hostname="DELL-AKSHAYPC" failures="0" tests="3" name="com.Shubham.LoginTest" time="0.065" errors="0" timestamp="2022-03-23T21:11:50 IST" skipped="0">
  <testcase classname="com.Shubham.LoginTest" name="openURL" time="0.060"/>
  <testcase classname="com.Shubham.LoginTest" name="login" time="0.003"/>
  <testcase classname="com.Shubham.LoginTest" name="logout" time="0.002"/>
</testsuite> <!-- com.Shubham.LoginTest -->
