<?xml version="1.0" encoding="UTF-8"?>
<!-- Generated by org.testng.reporters.JUnitReportReporter -->
<testsuite skipped="0" hostname="DELL-AKSHAYPC" name="com.Shub.testNGListeners2.LoginTest" tests="3" failures="0" timestamp="2022-04-01T13:27:59 IST" time="0.956" errors="0">
  <testcase name="loginByEmail" time="0.953" classname="com.Shub.testNGListeners2.LoginTest"/>
  <testcase name="loginByFacebook" time="0.002" classname="com.Shub.testNGListeners2.LoginTest"/>
  <testcase name="setup" time="0.001" classname="com.Shub.testNGListeners2.LoginTest"/>
</testsuite> <!-- com.Shub.testNGListeners2.LoginTest -->
