<?xml version="1.0" encoding="UTF-8"?>
<!-- Generated by org.testng.reporters.JUnitReportReporter -->
<testsuite skipped="0" hostname="DELL-AKSHAYPC" name="log4jpackage.Log4jExample" tests="3" failures="0" timestamp="2022-04-17T10:19:13 IST" time="0.421" errors="0">
  <testcase name="setUp" time="0.410" classname="log4jpackage.Log4jExample"/>
  <testcase name="login" time="0.006" classname="log4jpackage.Log4jExample"/>
  <testcase name="logout" time="0.005" classname="log4jpackage.Log4jExample"/>
</testsuite> <!-- log4jpackage.Log4jExample -->
