<?xml version="1.0" encoding="UTF-8"?>
<!-- Generated by org.testng.reporters.JUnitReportReporter -->
<testsuite hostname="DELL-AKSHAYPC" failures="0" tests="3" name="com.Shubham.dataproviderEx" time="15.316" errors="0" timestamp="2022-03-24T12:21:48 IST" skipped="0">
  <testcase classname="com.Shubham.dataproviderEx" name="logintest" time="3.990"/>
  <testcase classname="com.Shubham.dataproviderEx" name="logintest" time="8.094"/>
  <testcase classname="com.Shubham.dataproviderEx" name="logintest" time="3.232"/>
</testsuite> <!-- com.Shubham.dataproviderEx -->
